<?xml version="1.0" encoding="UTF-8"?>
<!-- Generated by org.testng.reporters.JUnitXMLReporter -->
<testsuite hostname="MARMO-SOLUTIONS" ignored="0" name="Test" tests="1" failures="1" timestamp="30 Aug 2020 17:25:09 GMT" time="13.065" errors="0">
  <testcase name="forgetPassword" time="0.014" classname="LoginPage_Test.LoginTest">
    <failure type="java.lang.Error" message="Unresolved compilation problem: 
	Thread cannot be resolved or is not a field
">
      <![CDATA[java.lang.Error: Unresolved compilation problem: 
Thread cannot be resolved or is not a field

at Pages_main.LoginPage.Forgetpass(LoginPage.java:23)
at LoginPage_Test.LoginTest.forgetPassword(LoginTest.java:29)
... Removed 25 stack frames]]>
    </failure>
  </testcase> <!-- forgetPassword -->
</testsuite> <!-- Test -->
