<?xml version="1.0" encoding="UTF-8"?>
<testng-results ignored="0" total="2" passed="2" failed="0" skipped="0">
  <reporter-output>
  </reporter-output>
  <suite started-at="2020-09-20T16:51:51 IST" name="Default suite" finished-at="2020-09-20T16:53:00 IST" duration-ms="68967">
    <groups>
    </groups>
    <test started-at="2020-09-20T16:51:51 IST" name="Default test" finished-at="2020-09-20T16:53:00 IST" duration-ms="68967">
      <class name="com.ActiTIME.qa.testcases.SignUpPageTest">
        <test-method is-config="true" signature="setup()[pri:0, instance:com.ActiTIME.qa.testcases.SignUpPageTest@4b5d6a01]" started-at="2020-09-20T16:51:51 IST" name="setup" finished-at="2020-09-20T16:52:05 IST" duration-ms="14009" status="PASS">
          <reporter-output>
          </reporter-output>
        </test-method> <!-- setup -->
        <test-method signature="ConfirmMessage()[pri:0, instance:com.ActiTIME.qa.testcases.SignUpPageTest@4b5d6a01]" started-at="2020-09-20T16:52:05 IST" name="ConfirmMessage" finished-at="2020-09-20T16:52:05 IST" duration-ms="6" status="PASS">
          <reporter-output>
          </reporter-output>
        </test-method> <!-- ConfirmMessage -->
        <test-method is-config="true" signature="TearDown()[pri:0, instance:com.ActiTIME.qa.testcases.SignUpPageTest@4b5d6a01]" started-at="2020-09-20T16:52:05 IST" name="TearDown" finished-at="2020-09-20T16:52:06 IST" duration-ms="632" status="PASS">
          <reporter-output>
          </reporter-output>
        </test-method> <!-- TearDown -->
        <test-method is-config="true" signature="setup()[pri:0, instance:com.ActiTIME.qa.testcases.SignUpPageTest@4b5d6a01]" started-at="2020-09-20T16:52:06 IST" name="setup" finished-at="2020-09-20T16:52:17 IST" duration-ms="11653" status="PASS">
          <reporter-output>
          </reporter-output>
        </test-method> <!-- setup -->
        <test-method signature="SignUpFormTest()[pri:0, instance:com.ActiTIME.qa.testcases.SignUpPageTest@4b5d6a01]" started-at="2020-09-20T16:52:17 IST" name="SignUpFormTest" finished-at="2020-09-20T16:52:59 IST" duration-ms="41973" status="PASS">
          <reporter-output>
          </reporter-output>
        </test-method> <!-- SignUpFormTest -->
        <test-method is-config="true" signature="TearDown()[pri:0, instance:com.ActiTIME.qa.testcases.SignUpPageTest@4b5d6a01]" started-at="2020-09-20T16:52:59 IST" name="TearDown" finished-at="2020-09-20T16:53:00 IST" duration-ms="646" status="PASS">
          <reporter-output>
          </reporter-output>
        </test-method> <!-- TearDown -->
      </class> <!-- com.ActiTIME.qa.testcases.SignUpPageTest -->
    </test> <!-- Default test -->
  </suite> <!-- Default suite -->
</testng-results>
