<?xml version="1.0" encoding="UTF-8"?>
<testng-results skipped="0" failed="0" ignored="0" total="1" passed="1">
  <reporter-output>
  </reporter-output>
  <suite name="Default suite" duration-ms="22905" started-at="2020-09-05T06:41:07Z" finished-at="2020-09-05T06:41:30Z">
    <groups>
    </groups>
    <test name="Default test" duration-ms="22905" started-at="2020-09-05T06:41:07Z" finished-at="2020-09-05T06:41:30Z">
      <class name="LoginPage_Test.LoginTest">
        <test-method status="PASS" signature="Setup()[pri:0, instance:LoginPage_Test.LoginTest@1794d431]" name="Setup" is-config="true" duration-ms="17516" started-at="2020-09-05T06:41:07Z" finished-at="2020-09-05T06:41:24Z">
          <reporter-output>
          </reporter-output>
        </test-method> <!-- Setup -->
        <test-method status="PASS" signature="forgetPassword()[pri:0, instance:LoginPage_Test.LoginTest@1794d431]" name="forgetPassword" duration-ms="5355" started-at="2020-09-05T06:41:24Z" finished-at="2020-09-05T06:41:30Z">
          <reporter-output>
          </reporter-output>
        </test-method> <!-- forgetPassword -->
        <test-method status="PASS" signature="teardown()[pri:0, instance:LoginPage_Test.LoginTest@1794d431]" name="teardown" is-config="true" duration-ms="0" started-at="2020-09-05T06:41:30Z" finished-at="2020-09-05T06:41:30Z">
          <reporter-output>
          </reporter-output>
        </test-method> <!-- teardown -->
      </class> <!-- LoginPage_Test.LoginTest -->
    </test> <!-- Default test -->
  </suite> <!-- Default suite -->
</testng-results>
